<?xml version="1.0" encoding="UTF-8"?>
<testsuites name="Mocha Tests" time="124.876" tests="12" failures="0">
  <testsuite name="Root Suite" timestamp="2022-12-29T17:20:03" tests="0" file="cypress/e2e/components.cy.ts" time="0.000" failures="0">
  </testsuite>
  <testsuite name="Components list" timestamp="2022-12-29T17:20:04" tests="12" time="124.834" failures="0">
    <testcase name="Components list should display component" time="15.355" classname="should display component">
    </testcase>
    <testcase name="Components list should have dynamic page size" time="9.554" classname="should have dynamic page size">
    </testcase>
    <testcase name="Components list should allow filtering by name" time="7.697" classname="should allow filtering by name">
    </testcase>
    <testcase name="Components list should allow filtering by name with multiple words" time="9.330" classname="should allow filtering by name with multiple words">
    </testcase>
    <testcase name="Components list should allow filtering by group" time="12.106" classname="should allow filtering by group">
    </testcase>
    <testcase name="Components list should allow filtering by usage" time="12.604" classname="should allow filtering by usage">
    </testcase>
    <testcase name="Components list should display component usage with working scenario link" time="11.020" classname="should display component usage with working scenario link">
    </testcase>
    <testcase name="Components list should apply filters from query" time="7.807" classname="should apply filters from query">
    </testcase>
    <testcase name="Components list should apply category filters by cell click" time="10.945" classname="should apply category filters by cell click">
    </testcase>
    <testcase name="Components list should apply group filter by cell click" time="6.697" classname="should apply group filter by cell click">
    </testcase>
    <testcase name="Components list should display usages" time="8.057" classname="should display usages">
    </testcase>
    <testcase name="Components list should filter usages" time="7.155" classname="should filter usages">
    </testcase>
  </testsuite>
</testsuites>