<?xml version="1.0" encoding="UTF-8"?>
<testsuites name="Mocha Tests" time="133.165" tests="12" failures="0">
  <testsuite name="Root Suite" timestamp="2022-12-03T03:00:15" tests="0" file="cypress/e2e/components.cy.ts" time="0.000" failures="0">
  </testsuite>
  <testsuite name="Components list" timestamp="2022-12-03T03:00:15" tests="12" time="0.000" failures="0">
    <testcase name="Components list should display component" time="24.238" classname="should display component">
    </testcase>
    <testcase name="Components list should have dynamic page size" time="13.052" classname="should have dynamic page size">
    </testcase>
    <testcase name="Components list should allow filtering by name" time="12.595" classname="should allow filtering by name">
    </testcase>
    <testcase name="Components list should allow filtering by name with multiple words" time="15.886" classname="should allow filtering by name with multiple words">
    </testcase>
    <testcase name="Components list should allow filtering by group" time="18.645" classname="should allow filtering by group">
    </testcase>
    <testcase name="Components list should allow filtering by usage" time="24.873" classname="should allow filtering by usage">
    </testcase>
    <testcase name="Components list should display component usage with working scenario link" time="15.608" classname="should display component usage with working scenario link">
    </testcase>
  </testsuite>
</testsuites>