<?xml version="1.0" encoding="UTF-8"?>
<testsuites name="Mocha Tests" time="36.675" tests="2" failures="0">
  <testsuite name="Root Suite" timestamp="2022-12-02T23:44:22" tests="0" file="cypress/e2e/process.cy.ts" time="0.000" failures="0">
  </testsuite>
  <testsuite name="Process" timestamp="2022-12-02T23:44:22" tests="2" time="36.644" failures="0">
    <testcase name="Process should preserve condition on link move (switch)" time="21.333" classname="should preserve condition on link move (switch)">
    </testcase>
    <testcase name="Process should preserve condition on link move (filter)" time="12.940" classname="should preserve condition on link move (filter)">
    </testcase>
  </testsuite>
</testsuites>