<?xml version="1.0" encoding="UTF-8"?>
<testsuites name="Mocha Tests" time="31.011" tests="9" failures="0" skipped="3">
  <testsuite name="Root Suite" timestamp="2022-12-12T20:59:03" tests="0" file="cypress/e2e/processes.cy.ts" time="0.000" failures="0">
  </testsuite>
  <testsuite name="Processes list" timestamp="2022-12-12T20:59:03" tests="3" time="22.782" failures="0">
    <testcase name="Processes list should have no process matching filter" time="11.001" classname="should have no process matching filter">
    </testcase>
    <testcase name="Processes list should allow creating new process" time="6.501" classname="should allow creating new process">
    </testcase>
    <testcase name="Processes list should have test process on list" time="3.957" classname="should have test process on list">
    </testcase>
  </testsuite>
  <testsuite name="Processes list (new table)" timestamp="2022-12-12T20:59:26" tests="3" time="0.434" failures="0">
  </testsuite>
  <testsuite name="Processes list (legacy)" timestamp="2022-12-12T20:59:27" tests="3" time="7.751" failures="0">
    <testcase name="Processes list (legacy) should have no process matching filter" time="2.120" classname="should have no process matching filter">
    </testcase>
    <testcase name="Processes list (legacy) should allow creating new process" time="2.239" classname="should allow creating new process">
    </testcase>
    <testcase name="Processes list (legacy) should have test process on list" time="1.708" classname="should have test process on list">
    </testcase>
  </testsuite>
</testsuites>