<?xml version="1.0" encoding="UTF-8"?>
<testsuites name="Mocha Tests" time="35.758" tests="9" failures="0" skipped="3">
  <testsuite name="Root Suite" timestamp="2022-12-12T16:12:08" tests="0" file="cypress/e2e/processes.cy.ts" time="0.000" failures="0">
  </testsuite>
  <testsuite name="Processes list" timestamp="2022-12-12T16:12:08" tests="3" time="26.807" failures="0">
    <testcase name="Processes list should have no process matching filter" time="12.259" classname="should have no process matching filter">
    </testcase>
    <testcase name="Processes list should allow creating new process" time="7.294" classname="should allow creating new process">
    </testcase>
    <testcase name="Processes list should have test process on list" time="5.219" classname="should have test process on list">
    </testcase>
  </testsuite>
  <testsuite name="Processes list (new table)" timestamp="2022-12-12T16:12:35" tests="3" time="0.019" failures="0">
  </testsuite>
  <testsuite name="Processes list (legacy)" timestamp="2022-12-12T16:12:35" tests="3" time="8.877" failures="0">
    <testcase name="Processes list (legacy) should have no process matching filter" time="2.046" classname="should have no process matching filter">
    </testcase>
    <testcase name="Processes list (legacy) should allow creating new process" time="2.598" classname="should allow creating new process">
    </testcase>
    <testcase name="Processes list (legacy) should have test process on list" time="1.827" classname="should have test process on list">
    </testcase>
  </testsuite>
</testsuites>