<?xml version="1.0" encoding="UTF-8"?>
<testsuites name="Mocha Tests" time="33.150" tests="2" failures="0">
  <testsuite name="Root Suite" timestamp="2022-12-30T14:37:42" tests="0" file="cypress/e2e/sqlEditor.cy.ts" time="0.000" failures="0">
  </testsuite>
  <testsuite name="Sql editor" timestamp="2022-12-30T14:37:42" tests="2" time="33.104" failures="0">
    <testcase name="Sql editor should display colorfull sql code" time="14.254" classname="should display colorfull sql code">
    </testcase>
    <testcase name="Sql editor should display advanced colors" time="17.504" classname="should display advanced colors">
    </testcase>
  </testsuite>
</testsuites>