<?xml version="1.0" encoding="UTF-8"?>
<testsuites name="Mocha Tests" time="187.660" tests="12" failures="1">
  <testsuite name="Root Suite" timestamp="2022-11-30T16:52:25" tests="0" file="cypress/e2e/components.cy.ts" time="0.000" failures="0">
  </testsuite>
  <testsuite name="Components list" timestamp="2022-11-30T16:52:25" tests="12" time="187.620" failures="1">
    <testcase name="Components list should display component" time="23.161" classname="should display component">
    </testcase>
    <testcase name="Components list should have dynamic page size" time="13.262" classname="should have dynamic page size">
    </testcase>
    <testcase name="Components list should allow filtering by name" time="12.282" classname="should allow filtering by name">
    </testcase>
    <testcase name="Components list should allow filtering by name with multiple words" time="13.899" classname="should allow filtering by name with multiple words">
    </testcase>
    <testcase name="Components list should allow filtering by group" time="21.020" classname="should allow filtering by group">
    </testcase>
    <testcase name="Components list should allow filtering by usage" time="16.863" classname="should allow filtering by usage">
    </testcase>
    <testcase name="Components list should display component usage with working scenario link" time="15.539" classname="should display component usage with working scenario link">
    </testcase>
    <testcase name="Components list should apply filters from query" time="9.612" classname="should apply filters from query">
    </testcase>
    <testcase name="Components list should apply category filters by cell click" time="13.249" classname="should apply category filters by cell click">
    </testcase>
    <testcase name="Components list should apply group filter by cell click" time="8.772" classname="should apply group filter by cell click">
    </testcase>
    <testcase name="Components list should display usages" time="0.000" classname="should display usages">
      <failure message="Timed out retrying after 10000ms: Too many elements found. Found &apos;8&apos;, expected &apos;6&apos;." type="AssertionError"><![CDATA[AssertionError: Timed out retrying after 10000ms: Too many elements found. Found '8', expected '6'.
    at Context.eval (cypress/e2e/components.cy.ts:134:7)

      + expected - actual

      -8
      +6
      ]]></failure>
    </testcase>
    <testcase name="Components list should filter usages" time="8.763" classname="should filter usages">
    </testcase>
  </testsuite>
</testsuites>