<?xml version="1.0" encoding="UTF-8"?>
<testsuites name="Mocha Tests" time="85.575" tests="13" failures="0" skipped="1">
  <testsuite name="Root Suite" timestamp="2022-12-29T15:52:49" tests="0" file="cypress/e2e/process.cy.ts" time="0.000" failures="0">
  </testsuite>
  <testsuite name="Process" timestamp="2022-12-29T15:52:49" tests="2" time="0.000" failures="0">
    <testcase name="Process should preserve condition on link move (switch)" time="15.356" classname="should preserve condition on link move (switch)">
    </testcase>
    <testcase name="Process should preserve condition on link move (filter)" time="8.361" classname="should preserve condition on link move (filter)">
    </testcase>
  </testsuite>
  <testsuite name="initially clean" timestamp="2022-12-29T15:53:13" tests="4" time="26.746" failures="0">
    <testcase name="Process initially clean should allow rename" time="4.620" classname="should allow rename">
    </testcase>
    <testcase name="Process initially clean should allow archive with redirect to list" time="8.718" classname="should allow archive with redirect to list">
    </testcase>
    <testcase name="Process initially clean should open properites from tips panel" time="5.678" classname="should open properites from tips panel">
    </testcase>
    <testcase name="Process initially clean should import JSON and save" time="6.364" classname="should import JSON and save">
    </testcase>
  </testsuite>
  <testsuite name="with data" timestamp="2022-12-29T15:53:40" tests="7" time="34.517" failures="0">
    <testcase name="Process with data should allow drag node" time="3.472" classname="should allow drag node">
    </testcase>
    <testcase name="Process with data should allow drag component and drop on edge" time="6.351" classname="should allow drag component and drop on edge">
    </testcase>
    <testcase name="Process with data should have counts button and modal" time="4.254" classname="should have counts button and modal">
    </testcase>
    <testcase name="Process with data should return 400 status code and show info about required comment" time="2.284" classname="should return 400 status code and show info about required comment">
    </testcase>
    <testcase name="Process with data should not have &quot;latest deploy&quot; button by default" time="7.624" classname="should not have &quot;latest deploy&quot; button by default">
    </testcase>
    <testcase name="Process with data should display some node details in modal" time="7.596" classname="should display some node details in modal">
    </testcase>
  </testsuite>
</testsuites>