<?xml version="1.0" encoding="UTF-8"?>
<testsuites name="Mocha Tests" time="29.395" tests="9" failures="0" skipped="3">
  <testsuite name="Root Suite" timestamp="2022-12-12T16:27:06" tests="0" file="cypress/e2e/processes.cy.ts" time="0.000" failures="0">
  </testsuite>
  <testsuite name="Processes list" timestamp="2022-12-12T16:27:06" tests="3" time="22.156" failures="0">
    <testcase name="Processes list should have no process matching filter" time="10.472" classname="should have no process matching filter">
    </testcase>
    <testcase name="Processes list should allow creating new process" time="6.088" classname="should allow creating new process">
    </testcase>
    <testcase name="Processes list should have test process on list" time="4.042" classname="should have test process on list">
    </testcase>
  </testsuite>
  <testsuite name="Processes list (new table)" timestamp="2022-12-12T16:27:28" tests="3" time="0.016" failures="0">
  </testsuite>
  <testsuite name="Processes list (legacy)" timestamp="2022-12-12T16:27:28" tests="3" time="7.175" failures="0">
    <testcase name="Processes list (legacy) should have no process matching filter" time="1.603" classname="should have no process matching filter">
    </testcase>
    <testcase name="Processes list (legacy) should allow creating new process" time="2.251" classname="should allow creating new process">
    </testcase>
    <testcase name="Processes list (legacy) should have test process on list" time="1.425" classname="should have test process on list">
    </testcase>
  </testsuite>
</testsuites>