<?xml version="1.0" encoding="UTF-8"?>
<testsuites name="Mocha Tests" time="505.961" tests="12" failures="12">
  <testsuite name="Root Suite" timestamp="2022-12-12T15:26:22" tests="0" file="cypress/e2e/components.cy.ts" time="0.000" failures="0">
  </testsuite>
  <testsuite name="Components list" timestamp="2022-12-12T15:26:22" tests="12" time="505.920" failures="12">
    <testcase name="Components list should display component" time="0.000" classname="should display component">
      <failure message="Timed out retrying after 60000ms: Expected to find content: &apos;/^category$/i&apos; but never did." type="AssertionError"><![CDATA[AssertionError: Timed out retrying after 60000ms: Expected to find content: '/^category$/i' but never did.
    at filterByDefaultCategory (cypress/e2e/components.cy.ts:167:49)
    at Context.eval (cypress/e2e/components.cy.ts:24:4)]]></failure>
    </testcase>
    <testcase name="Components list should have dynamic page size" time="0.000" classname="should have dynamic page size">
      <failure message="Timed out retrying after 60000ms: Expected to find content: &apos;/^category$/i&apos; but never did." type="AssertionError"><![CDATA[AssertionError: Timed out retrying after 60000ms: Expected to find content: '/^category$/i' but never did.
    at filterByDefaultCategory (cypress/e2e/components.cy.ts:167:49)
    at Context.eval (cypress/e2e/components.cy.ts:32:4)]]></failure>
    </testcase>
    <testcase name="Components list should allow filtering by name" time="0.000" classname="should allow filtering by name">
      <failure message="Timed out retrying after 60000ms: Expected to find content: &apos;/^category$/i&apos; but never did." type="AssertionError"><![CDATA[AssertionError: Timed out retrying after 60000ms: Expected to find content: '/^category$/i' but never did.
    at filterByDefaultCategory (cypress/e2e/components.cy.ts:167:49)
    at Context.eval (cypress/e2e/components.cy.ts:41:4)]]></failure>
    </testcase>
    <testcase name="Components list should allow filtering by name with multiple words" time="0.000" classname="should allow filtering by name with multiple words">
      <failure message="Timed out retrying after 60000ms: Expected to find content: &apos;/^category$/i&apos; but never did." type="AssertionError"><![CDATA[AssertionError: Timed out retrying after 60000ms: Expected to find content: '/^category$/i' but never did.
    at filterByDefaultCategory (cypress/e2e/components.cy.ts:167:49)
    at Context.eval (cypress/e2e/components.cy.ts:51:4)]]></failure>
    </testcase>
    <testcase name="Components list should allow filtering by group" time="0.000" classname="should allow filtering by group">
      <failure message="Timed out retrying after 60000ms: Expected to find content: &apos;/^category$/i&apos; but never did." type="AssertionError"><![CDATA[AssertionError: Timed out retrying after 60000ms: Expected to find content: '/^category$/i' but never did.
    at filterByDefaultCategory (cypress/e2e/components.cy.ts:167:49)
    at Context.eval (cypress/e2e/components.cy.ts:60:4)]]></failure>
    </testcase>
    <testcase name="Components list should allow filtering by usage" time="0.000" classname="should allow filtering by usage">
      <failure message="Timed out retrying after 60000ms: Expected to find content: &apos;/^category$/i&apos; but never did." type="AssertionError"><![CDATA[AssertionError: Timed out retrying after 60000ms: Expected to find content: '/^category$/i' but never did.
    at filterByDefaultCategory (cypress/e2e/components.cy.ts:167:49)
    at Context.eval (cypress/e2e/components.cy.ts:78:4)]]></failure>
    </testcase>
    <testcase name="Components list should display component usage with working scenario link" time="0.000" classname="should display component usage with working scenario link">
      <failure message="Timed out retrying after 10000ms: Expected to find content: &apos;/^usages$/i&apos; but never did." type="AssertionError"><![CDATA[AssertionError: Timed out retrying after 10000ms: Expected to find content: '/^usages$/i' but never did.
    at Context.eval (cypress/e2e/components.cy.ts:91:7)]]></failure>
    </testcase>
    <testcase name="Components list should apply filters from query" time="0.000" classname="should apply filters from query">
      <failure message="Timed out retrying after 10000ms: Expected to find content: &apos;/^name$/i&apos; but never did." type="AssertionError"><![CDATA[AssertionError: Timed out retrying after 10000ms: Expected to find content: '/^name$/i' but never did.
    at Context.eval (cypress/e2e/components.cy.ts:101:27)]]></failure>
    </testcase>
    <testcase name="Components list should apply category filters by cell click" time="0.000" classname="should apply category filters by cell click">
      <failure message="Timed out retrying after 60000ms: Expected to find element: `[role=row]`, but never found it." type="AssertionError"><![CDATA[AssertionError: Timed out retrying after 60000ms: Expected to find element: `[role=row]`, but never found it.
    at filterByBaseGroup (cypress/e2e/components.cy.ts:173:43)
    at Context.eval (cypress/e2e/components.cy.ts:109:4)]]></failure>
    </testcase>
    <testcase name="Components list should apply group filter by cell click" time="0.000" classname="should apply group filter by cell click">
      <failure message="Timed out retrying after 10000ms: Expected to find content: &apos;/^group$/i&apos; but never did." type="AssertionError"><![CDATA[AssertionError: Timed out retrying after 10000ms: Expected to find content: '/^group$/i' but never did.
    at Context.eval (cypress/e2e/components.cy.ts:120:28)]]></failure>
    </testcase>
    <testcase name="Components list should display usages" time="0.000" classname="should display usages">
      <failure message="Timed out retrying after 10000ms: Expected to find content: &apos;/^usages$/i&apos; but never did." type="AssertionError"><![CDATA[AssertionError: Timed out retrying after 10000ms: Expected to find content: '/^usages$/i' but never did.
    at Context.eval (cypress/e2e/components.cy.ts:128:7)]]></failure>
    </testcase>
    <testcase name="Components list should filter usages" time="0.000" classname="should filter usages">
      <failure message="Timed out retrying after 10000ms: Expected to find element: `input[type=text]`, but never found it." type="AssertionError"><![CDATA[AssertionError: Timed out retrying after 10000ms: Expected to find element: `input[type=text]`, but never found it.
    at Context.eval (cypress/e2e/components.cy.ts:155:7)]]></failure>
    </testcase>
  </testsuite>
</testsuites>