<?xml version="1.0" encoding="UTF-8"?>
<testsuites name="Mocha Tests" time="21.588" tests="1" failures="1">
  <testsuite name="Root Suite" timestamp="2022-12-03T00:03:32" tests="0" file="cypress/e2e/switch.cy.ts" time="0.000" failures="0">
  </testsuite>
  <testsuite name="Process" timestamp="2022-12-03T00:03:32" tests="0" time="0.000" failures="0">
  </testsuite>
  <testsuite name="with data" timestamp="2022-12-03T00:03:32" tests="1" time="21.504" failures="1">
    <testcase name="Process with data should allow editing choice edge expression" time="0.000" classname="should allow editing choice edge expression">
      <failure message="Timed out retrying after 10000ms: Expected to find element: `[model-id$=choice-sendSms-true]`, but never found it." type="AssertionError"><![CDATA[AssertionError: Timed out retrying after 10000ms: Expected to find element: `[model-id$=choice-sendSms-true]`, but never found it.
    at Context.eval (cypress/e2e/switch.cy.ts:24:48)]]></failure>
    </testcase>
  </testsuite>
</testsuites>