<?xml version="1.0" encoding="UTF-8"?>
<testsuites name="Mocha Tests" time="132.539" tests="13" failures="1" skipped="1">
  <testsuite name="Root Suite" timestamp="2022-12-12T16:09:01" tests="0" file="cypress/e2e/process.cy.ts" time="0.000" failures="0">
  </testsuite>
  <testsuite name="Process" timestamp="2022-12-12T16:09:01" tests="2" time="0.000" failures="0">
    <testcase name="Process should preserve condition on link move (switch)" time="24.292" classname="should preserve condition on link move (switch)">
    </testcase>
    <testcase name="Process should preserve condition on link move (filter)" time="11.649" classname="should preserve condition on link move (filter)">
    </testcase>
  </testsuite>
  <testsuite name="initially clean" timestamp="2022-12-12T16:09:38" tests="4" time="44.877" failures="1">
    <testcase name="Process initially clean should allow rename" time="6.657" classname="should allow rename">
    </testcase>
    <testcase name="Process initially clean should allow archive with redirect to list" time="10.953" classname="should allow archive with redirect to list">
    </testcase>
    <testcase name="Process initially clean should open properites from tips panel" time="0.000" classname="should open properites from tips panel">
      <failure message="Image diff factor (0.05%) is bigger than maximum threshold option 0.005.
Warning: Images size mismatch - new screenshot is 1640px by 1383px while old one is 1640px by 1455 (width x height)." type="Error"><![CDATA[Error: Image diff factor (0.05%) is bigger than maximum threshold option 0.005.
Warning: Images size mismatch - new screenshot is 1640px by 1383px while old one is 1640px by 1455 (width x height).
    at Context.eval (node_modules/@frsource/cypress-plugin-visual-regression-diff/dist/support.js:148:0)]]></failure>
    </testcase>
    <testcase name="Process initially clean should import JSON and save" time="12.796" classname="should import JSON and save">
    </testcase>
  </testsuite>
  <testsuite name="with data" timestamp="2022-12-12T16:10:23" tests="7" time="50.741" failures="0">
    <testcase name="Process with data should allow drag node" time="6.024" classname="should allow drag node">
    </testcase>
    <testcase name="Process with data should allow drag component and drop on edge" time="10.866" classname="should allow drag component and drop on edge">
    </testcase>
    <testcase name="Process with data should have counts button and modal" time="6.759" classname="should have counts button and modal">
    </testcase>
    <testcase name="Process with data should return 400 status code and show info about required comment" time="2.799" classname="should return 400 status code and show info about required comment">
    </testcase>
    <testcase name="Process with data should not have &quot;latest deploy&quot; button by default" time="9.386" classname="should not have &quot;latest deploy&quot; button by default">
    </testcase>
    <testcase name="Process with data should display some node details in modal" time="10.818" classname="should display some node details in modal">
    </testcase>
  </testsuite>
</testsuites>