<?xml version="1.0" encoding="UTF-8"?>
<testsuites name="Mocha Tests" time="162.765" tests="12" failures="0">
  <testsuite name="Root Suite" timestamp="2022-12-29T01:05:15" tests="0" file="cypress/e2e/components.cy.ts" time="0.000" failures="0">
  </testsuite>
  <testsuite name="Components list" timestamp="2022-12-29T01:05:16" tests="12" time="162.687" failures="0">
    <testcase name="Components list should display component" time="35.007" classname="should display component">
    </testcase>
    <testcase name="Components list should have dynamic page size" time="17.160" classname="should have dynamic page size">
    </testcase>
    <testcase name="Components list should allow filtering by name" time="11.969" classname="should allow filtering by name">
    </testcase>
    <testcase name="Components list should allow filtering by name with multiple words" time="9.082" classname="should allow filtering by name with multiple words">
    </testcase>
    <testcase name="Components list should allow filtering by group" time="12.424" classname="should allow filtering by group">
    </testcase>
    <testcase name="Components list should allow filtering by usage" time="14.472" classname="should allow filtering by usage">
    </testcase>
    <testcase name="Components list should display component usage with working scenario link" time="12.078" classname="should display component usage with working scenario link">
    </testcase>
    <testcase name="Components list should apply filters from query" time="7.116" classname="should apply filters from query">
    </testcase>
    <testcase name="Components list should apply category filters by cell click" time="11.418" classname="should apply category filters by cell click">
    </testcase>
    <testcase name="Components list should apply group filter by cell click" time="6.586" classname="should apply group filter by cell click">
    </testcase>
    <testcase name="Components list should display usages" time="8.553" classname="should display usages">
    </testcase>
    <testcase name="Components list should filter usages" time="8.613" classname="should filter usages">
    </testcase>
  </testsuite>
</testsuites>