<?xml version="1.0" encoding="UTF-8"?>
<testsuites name="Mocha Tests" time="31.529" tests="4" failures="0">
  <testsuite name="Root Suite" timestamp="2022-12-30T23:09:31" tests="0" file="cypress/e2e/processSelection.cy.ts" time="0.000" failures="0">
  </testsuite>
  <testsuite name="Process" timestamp="2022-12-30T23:09:31" tests="0" time="0.000" failures="0">
  </testsuite>
  <testsuite name="mouse drag" timestamp="2022-12-30T23:09:31" tests="4" time="31.444" failures="0">
    <testcase name="Process mouse drag should allow pan view" time="8.598" classname="should allow pan view">
    </testcase>
    <testcase name="Process mouse drag should select only fully covered (to right)" time="7.614" classname="should select only fully covered (to right)">
    </testcase>
    <testcase name="Process mouse drag should select partially covered (to left)" time="5.235" classname="should select partially covered (to left)">
    </testcase>
    <testcase name="Process mouse drag should switch modes, append and inverse select with shift" time="7.711" classname="should switch modes, append and inverse select with shift">
    </testcase>
  </testsuite>
</testsuites>