<?xml version="1.0" encoding="UTF-8"?>
<testsuites name="Mocha Tests" time="107.529" tests="13" failures="0" skipped="1">
  <testsuite name="Root Suite" timestamp="2022-12-29T00:33:22" tests="0" file="cypress/e2e/process.cy.ts" time="0.000" failures="0">
  </testsuite>
  <testsuite name="Process" timestamp="2022-12-29T00:33:22" tests="2" time="0.000" failures="0">
    <testcase name="Process should preserve condition on link move (switch)" time="17.313" classname="should preserve condition on link move (switch)">
    </testcase>
    <testcase name="Process should preserve condition on link move (filter)" time="10.714" classname="should preserve condition on link move (filter)">
    </testcase>
  </testsuite>
  <testsuite name="initially clean" timestamp="2022-12-29T00:33:51" tests="4" time="35.398" failures="0">
    <testcase name="Process initially clean should allow rename" time="6.212" classname="should allow rename">
    </testcase>
    <testcase name="Process initially clean should allow archive with redirect to list" time="11.718" classname="should allow archive with redirect to list">
    </testcase>
    <testcase name="Process initially clean should open properites from tips panel" time="6.734" classname="should open properites from tips panel">
    </testcase>
    <testcase name="Process initially clean should import JSON and save" time="8.720" classname="should import JSON and save">
    </testcase>
  </testsuite>
  <testsuite name="with data" timestamp="2022-12-29T00:34:26" tests="7" time="43.191" failures="0">
    <testcase name="Process with data should allow drag node" time="4.485" classname="should allow drag node">
    </testcase>
    <testcase name="Process with data should allow drag component and drop on edge" time="7.852" classname="should allow drag component and drop on edge">
    </testcase>
    <testcase name="Process with data should have counts button and modal" time="5.855" classname="should have counts button and modal">
    </testcase>
    <testcase name="Process with data should return 400 status code and show info about required comment" time="3.271" classname="should return 400 status code and show info about required comment">
    </testcase>
    <testcase name="Process with data should not have &quot;latest deploy&quot; button by default" time="8.599" classname="should not have &quot;latest deploy&quot; button by default">
    </testcase>
    <testcase name="Process with data should display some node details in modal" time="9.190" classname="should display some node details in modal">
    </testcase>
  </testsuite>
</testsuites>