<?xml version="1.0" encoding="UTF-8"?>
<testsuites name="Mocha Tests" time="37.741" tests="4" failures="0">
  <testsuite name="Root Suite" timestamp="2022-12-29T17:05:54" tests="0" file="cypress/e2e/processSelection.cy.ts" time="0.000" failures="0">
  </testsuite>
  <testsuite name="Process" timestamp="2022-12-29T17:05:54" tests="0" time="0.000" failures="0">
  </testsuite>
  <testsuite name="mouse drag" timestamp="2022-12-29T17:05:54" tests="4" time="37.660" failures="0">
    <testcase name="Process mouse drag should allow pan view" time="11.360" classname="should allow pan view">
    </testcase>
    <testcase name="Process mouse drag should select only fully covered (to right)" time="7.578" classname="should select only fully covered (to right)">
    </testcase>
    <testcase name="Process mouse drag should select partially covered (to left)" time="5.486" classname="should select partially covered (to left)">
    </testcase>
    <testcase name="Process mouse drag should switch modes, append and inverse select with shift" time="11.247" classname="should switch modes, append and inverse select with shift">
    </testcase>
  </testsuite>
</testsuites>