<?xml version="1.0" encoding="UTF-8"?>
<testsuites name="Mocha Tests" time="161.829" tests="13" failures="1" skipped="1">
  <testsuite name="Root Suite" timestamp="2022-12-12T15:35:57" tests="0" file="cypress/e2e/process.cy.ts" time="0.000" failures="0">
  </testsuite>
  <testsuite name="Process" timestamp="2022-12-12T15:35:57" tests="2" time="0.000" failures="0">
    <testcase name="Process should preserve condition on link move (switch)" time="18.896" classname="should preserve condition on link move (switch)">
    </testcase>
    <testcase name="Process should preserve condition on link move (filter)" time="9.677" classname="should preserve condition on link move (filter)">
    </testcase>
  </testsuite>
  <testsuite name="initially clean" timestamp="2022-12-12T15:36:27" tests="4" time="89.556" failures="1">
    <testcase name="Process initially clean should allow rename" time="5.034" classname="should allow rename">
    </testcase>
    <testcase name="Process initially clean should allow archive with redirect to list" time="0.000" classname="should allow archive with redirect to list">
      <failure message="Timed out retrying after 60000ms: Expected to find content: &apos;/^archived visible$/i&apos; but never did." type="AssertionError"><![CDATA[AssertionError: Timed out retrying after 60000ms: Expected to find content: '/^archived visible$/i' but never did.
    at Context.eval (cypress/e2e/process.cy.ts:36:59)]]></failure>
    </testcase>
    <testcase name="Process initially clean should open properites from tips panel" time="8.447" classname="should open properites from tips panel">
    </testcase>
    <testcase name="Process initially clean should import JSON and save" time="10.775" classname="should import JSON and save">
    </testcase>
  </testsuite>
  <testsuite name="with data" timestamp="2022-12-12T15:37:56" tests="7" time="42.828" failures="0">
    <testcase name="Process with data should allow drag node" time="5.075" classname="should allow drag node">
    </testcase>
    <testcase name="Process with data should allow drag component and drop on edge" time="8.954" classname="should allow drag component and drop on edge">
    </testcase>
    <testcase name="Process with data should have counts button and modal" time="5.422" classname="should have counts button and modal">
    </testcase>
    <testcase name="Process with data should return 400 status code and show info about required comment" time="2.428" classname="should return 400 status code and show info about required comment">
    </testcase>
    <testcase name="Process with data should not have &quot;latest deploy&quot; button by default" time="8.190" classname="should not have &quot;latest deploy&quot; button by default">
    </testcase>
    <testcase name="Process with data should display some node details in modal" time="9.521" classname="should display some node details in modal">
    </testcase>
  </testsuite>
</testsuites>