<?xml version="1.0" encoding="UTF-8"?>
<testsuites name="Mocha Tests" time="21.8840" tests="1" failures="0">
  <testsuite name="Root Suite" timestamp="2022-10-15T13:03:42" tests="0" file="cypress/e2e/switch.cy.ts" time="0.0000" failures="0">
  </testsuite>
  <testsuite name="Process" timestamp="2022-10-15T13:03:42" tests="0" time="0.0000" failures="0">
  </testsuite>
  <testsuite name="with data" timestamp="2022-10-15T13:03:42" tests="1" time="21.8840" failures="0">
    <testcase name="Process with data should allow editing choice edge expression" time="21.8840" classname="should allow editing choice edge expression">
    </testcase>
  </testsuite>
</testsuites>