<?xml version="1.0" encoding="UTF-8"?>
<testsuites name="Mocha Tests" time="35.313" tests="2" failures="0">
  <testsuite name="Root Suite" timestamp="2022-12-12T19:32:33" tests="0" file="cypress/e2e/sqlEditor.cy.ts" time="0.000" failures="0">
  </testsuite>
  <testsuite name="Sql editor" timestamp="2022-12-12T19:32:33" tests="2" time="35.275" failures="0">
    <testcase name="Sql editor should display colorfull sql code" time="16.226" classname="should display colorfull sql code">
    </testcase>
    <testcase name="Sql editor should display advanced colors" time="17.672" classname="should display advanced colors">
    </testcase>
  </testsuite>
</testsuites>