<?xml version="1.0" encoding="UTF-8"?>
<testsuites name="Mocha Tests" time="12.947" tests="1" failures="0">
  <testsuite name="Root Suite" timestamp="2022-12-02T23:53:36" tests="0" file="cypress/e2e/creatorToolbar.cy.ts" time="0.000" failures="0">
  </testsuite>
  <testsuite name="Creator toolbar" timestamp="2022-12-02T23:53:36" tests="1" time="12.903" failures="0">
    <testcase name="Creator toolbar should allow filtering" time="11.874" classname="should allow filtering">
    </testcase>
  </testsuite>
</testsuites>