<?xml version="1.0" encoding="UTF-8"?>
<testsuites name="Mocha Tests" time="190.885" tests="12" failures="1">
  <testsuite name="Root Suite" timestamp="2022-12-12T16:03:26" tests="0" file="cypress/e2e/components.cy.ts" time="0.000" failures="0">
  </testsuite>
  <testsuite name="Components list" timestamp="2022-12-12T16:03:26" tests="12" time="190.828" failures="1">
    <testcase name="Components list should display component" time="22.883" classname="should display component">
    </testcase>
    <testcase name="Components list should have dynamic page size" time="12.016" classname="should have dynamic page size">
    </testcase>
    <testcase name="Components list should allow filtering by name" time="9.589" classname="should allow filtering by name">
    </testcase>
    <testcase name="Components list should allow filtering by name with multiple words" time="13.875" classname="should allow filtering by name with multiple words">
    </testcase>
    <testcase name="Components list should allow filtering by group" time="16.193" classname="should allow filtering by group">
    </testcase>
    <testcase name="Components list should allow filtering by usage" time="25.084" classname="should allow filtering by usage">
    </testcase>
    <testcase name="Components list should display component usage with working scenario link" time="14.092" classname="should display component usage with working scenario link">
    </testcase>
    <testcase name="Components list should apply filters from query" time="12.788" classname="should apply filters from query">
    </testcase>
    <testcase name="Components list should apply category filters by cell click" time="13.087" classname="should apply category filters by cell click">
    </testcase>
    <testcase name="Components list should apply group filter by cell click" time="9.118" classname="should apply group filter by cell click">
    </testcase>
    <testcase name="Components list should display usages" time="0.000" classname="should display usages">
      <failure message="Timed out retrying after 10000ms: Too many elements found. Found &apos;10&apos;, expected &apos;6&apos;." type="AssertionError"><![CDATA[AssertionError: Timed out retrying after 10000ms: Too many elements found. Found '10', expected '6'.
    at Context.eval (cypress/e2e/components.cy.ts:134:7)

      + expected - actual

      -10
      +6
      ]]></failure>
    </testcase>
    <testcase name="Components list should filter usages" time="10.536" classname="should filter usages">
    </testcase>
  </testsuite>
</testsuites>