<?xml version="1.0" encoding="UTF-8"?>
<testsuites name="Mocha Tests" time="114.180" tests="13" failures="1" skipped="1">
  <testsuite name="Root Suite" timestamp="2022-12-12T16:01:00" tests="0" file="cypress/e2e/process.cy.ts" time="0.000" failures="0">
  </testsuite>
  <testsuite name="Process" timestamp="2022-12-12T16:01:00" tests="2" time="0.000" failures="0">
    <testcase name="Process should preserve condition on link move (switch)" time="16.751" classname="should preserve condition on link move (switch)">
    </testcase>
    <testcase name="Process should preserve condition on link move (filter)" time="8.883" classname="should preserve condition on link move (filter)">
    </testcase>
  </testsuite>
  <testsuite name="initially clean" timestamp="2022-12-12T16:01:27" tests="4" time="36.858" failures="1">
    <testcase name="Process initially clean should allow rename" time="4.773" classname="should allow rename">
    </testcase>
    <testcase name="Process initially clean should allow archive with redirect to list" time="8.213" classname="should allow archive with redirect to list">
    </testcase>
    <testcase name="Process initially clean should open properites from tips panel" time="0.000" classname="should open properites from tips panel">
      <failure message="Image diff factor (0.05%) is bigger than maximum threshold option 0.005.
Warning: Images size mismatch - new screenshot is 1640px by 1383px while old one is 1640px by 1455 (width x height)." type="Error"><![CDATA[Error: Image diff factor (0.05%) is bigger than maximum threshold option 0.005.
Warning: Images size mismatch - new screenshot is 1640px by 1383px while old one is 1640px by 1455 (width x height).
    at Context.eval (node_modules/@frsource/cypress-plugin-visual-regression-diff/dist/support.js:148:0)]]></failure>
    </testcase>
    <testcase name="Process initially clean should import JSON and save" time="13.043" classname="should import JSON and save">
    </testcase>
  </testsuite>
  <testsuite name="with data" timestamp="2022-12-12T16:02:04" tests="7" time="50.938" failures="0">
    <testcase name="Process with data should allow drag node" time="6.176" classname="should allow drag node">
    </testcase>
    <testcase name="Process with data should allow drag component and drop on edge" time="10.749" classname="should allow drag component and drop on edge">
    </testcase>
    <testcase name="Process with data should have counts button and modal" time="6.590" classname="should have counts button and modal">
    </testcase>
    <testcase name="Process with data should return 400 status code and show info about required comment" time="2.779" classname="should return 400 status code and show info about required comment">
    </testcase>
    <testcase name="Process with data should not have &quot;latest deploy&quot; button by default" time="9.490" classname="should not have &quot;latest deploy&quot; button by default">
    </testcase>
    <testcase name="Process with data should display some node details in modal" time="11.012" classname="should display some node details in modal">
    </testcase>
  </testsuite>
</testsuites>