<?xml version="1.0" encoding="UTF-8"?>
<testsuites name="Mocha Tests" time="18.859" tests="1" failures="0">
  <testsuite name="Root Suite" timestamp="2022-12-29T00:24:08" tests="0" file="cypress/e2e/switch.cy.ts" time="0.000" failures="0">
  </testsuite>
  <testsuite name="Process" timestamp="2022-12-29T00:24:08" tests="0" time="0.000" failures="0">
  </testsuite>
  <testsuite name="with data" timestamp="2022-12-29T00:24:08" tests="1" time="18.732" failures="0">
    <testcase name="Process with data should allow editing choice edge expression" time="17.741" classname="should allow editing choice edge expression">
    </testcase>
  </testsuite>
</testsuites>